20231130-06:59:46.164549000 : Created session
20231130-08:15:16.344447000 : Created session
20231130-08:15:16.345316000 : Connecting to localhost on port 59881 (Source :0)
20231130-08:15:16.345316000 : Connecting to localhost on port 59881 (Source :0)
20231130-08:18:10.589532000 : Created session
20231130-08:18:36.396280000 : Created session
20231130-08:18:36.397083000 : Connecting to localhost on port 59881 (Source :0)
20231130-08:18:36.397771000 : Initiated logon request
20231130-08:18:36.398237000 : Logon contains ResetSeqNumFlag=Y, reseting sequence numbers to 1
20231130-08:18:36.398246000 : Received logon response
20231130-08:18:46.164027000 : Created session
20231130-08:18:46.164839000 : Connecting to localhost on port 59881 (Source :0)
20231130-08:18:46.165194000 : Initiated logon request
20231130-08:18:46.165451000 : Logon contains ResetSeqNumFlag=Y, reseting sequence numbers to 1
20231130-08:18:46.165455000 : Received logon response
20231130-08:18:54.273711000 : Created session
20231130-08:20:39.376663000 : Created session
20231130-08:20:39.377584000 : Connecting to localhost on port 59881 (Source :0)
20231130-08:21:31.535284000 : Created session
20231130-08:21:36.971434000 : Created session
20231130-09:50:11.696567000 : Created session
